<?xml version="1.0" encoding="UTF-8"?>
<testsuite name="org.test.WebpageTest" tests="1" skipped="0" failures="0" errors="0" timestamp="2025-03-25T04:50:34" hostname="DESKTOP-6AVV8UU" time="0.01">
  <properties/>
  <testcase name="titleValidationTest" classname="org.test.WebpageTest" time="0.01"/>
  <system-out><![CDATA[]]></system-out>
  <system-err><![CDATA[]]></system-err>
</testsuite>
